Analysis & Synthesis report for Lab2
Thu Feb 15 16:36:18 2024
Quartus Prime Version 23.1std.0 Build 991 11/28/2023 SC Lite Edition


---------------------
; Table of Contents ;
---------------------
  1. Legal Notice
  2. Analysis & Synthesis Summary
  3. Analysis & Synthesis Settings
  4. Parallel Compilation
  5. Analysis & Synthesis Source Files Read
  6. Analysis & Synthesis Resource Usage Summary
  7. Analysis & Synthesis Resource Utilization by Entity
  8. General Register Statistics
  9. Inverted Register Statistics
 10. Multiplexer Restructuring Statistics (Restructuring Performed)
 11. Parameter Settings for Inferred Entity Instance: new_balance:nb_map|lpm_add_sub:Add2
 12. Parameter Settings for Inferred Entity Instance: new_balance:nb_map|lpm_mult:Mult0
 13. lpm_mult Parameter Settings by Entity Instance
 14. Port Connectivity Checks: "digit7seg:digit_display7"
 15. Post-Synthesis Netlist Statistics for Top Partition
 16. Elapsed Time Per Partition
 17. Analysis & Synthesis Messages



----------------
; Legal Notice ;
----------------
Copyright (C) 2023  Intel Corporation. All rights reserved.
Your use of Intel Corporation's design tools, logic functions 
and other software and tools, and any partner logic 
functions, and any output files from any of the foregoing 
(including device programming or simulation files), and any 
associated documentation or information are expressly subject 
to the terms and conditions of the Intel Program License 
Subscription Agreement, the Intel Quartus Prime License Agreement,
the Intel FPGA IP License Agreement, or other applicable license
agreement, including, without limitation, that your use is for
the sole purpose of programming logic devices manufactured by
Intel and sold by Intel or its authorized distributors.  Please
refer to the applicable agreement for further details, at
https://fpgasoftware.intel.com/eula.



+-------------------------------------------------------------------------------------+
; Analysis & Synthesis Summary                                                        ;
+------------------------------------+------------------------------------------------+
; Analysis & Synthesis Status        ; Successful - Thu Feb 15 16:36:18 2024          ;
; Quartus Prime Version              ; 23.1std.0 Build 991 11/28/2023 SC Lite Edition ;
; Revision Name                      ; Lab2                                           ;
; Top-level Entity Name              ; roulette                                       ;
; Family                             ; Cyclone IV E                                   ;
; Total logic elements               ; 249                                            ;
;     Total combinational functions  ; 225                                            ;
;     Dedicated logic registers      ; 88                                             ;
; Total registers                    ; 88                                             ;
; Total pins                         ; 66                                             ;
; Total virtual pins                 ; 0                                              ;
; Total memory bits                  ; 0                                              ;
; Embedded Multiplier 9-bit elements ; 0                                              ;
; Total PLLs                         ; 0                                              ;
+------------------------------------+------------------------------------------------+


+------------------------------------------------------------------------------------------------------------+
; Analysis & Synthesis Settings                                                                              ;
+------------------------------------------------------------------+--------------------+--------------------+
; Option                                                           ; Setting            ; Default Value      ;
+------------------------------------------------------------------+--------------------+--------------------+
; Device                                                           ; EP4CE115F29C7      ;                    ;
; Top-level entity name                                            ; roulette           ; Lab2               ;
; Family name                                                      ; Cyclone IV E       ; Cyclone V          ;
; Use smart compilation                                            ; Off                ; Off                ;
; Enable parallel Assembler and Timing Analyzer during compilation ; On                 ; On                 ;
; Enable compact report table                                      ; Off                ; Off                ;
; Restructure Multiplexers                                         ; Auto               ; Auto               ;
; Create Debugging Nodes for IP Cores                              ; Off                ; Off                ;
; Preserve fewer node names                                        ; On                 ; On                 ;
; Intel FPGA IP Evaluation Mode                                    ; Enable             ; Enable             ;
; Verilog Version                                                  ; Verilog_2001       ; Verilog_2001       ;
; VHDL Version                                                     ; VHDL_1993          ; VHDL_1993          ;
; State Machine Processing                                         ; Auto               ; Auto               ;
; Safe State Machine                                               ; Off                ; Off                ;
; Extract Verilog State Machines                                   ; On                 ; On                 ;
; Extract VHDL State Machines                                      ; On                 ; On                 ;
; Ignore Verilog initial constructs                                ; Off                ; Off                ;
; Iteration limit for constant Verilog loops                       ; 5000               ; 5000               ;
; Iteration limit for non-constant Verilog loops                   ; 250                ; 250                ;
; Add Pass-Through Logic to Inferred RAMs                          ; On                 ; On                 ;
; Infer RAMs from Raw Logic                                        ; On                 ; On                 ;
; Parallel Synthesis                                               ; On                 ; On                 ;
; DSP Block Balancing                                              ; Auto               ; Auto               ;
; NOT Gate Push-Back                                               ; On                 ; On                 ;
; Power-Up Don't Care                                              ; On                 ; On                 ;
; Remove Redundant Logic Cells                                     ; Off                ; Off                ;
; Remove Duplicate Registers                                       ; On                 ; On                 ;
; Ignore CARRY Buffers                                             ; Off                ; Off                ;
; Ignore CASCADE Buffers                                           ; Off                ; Off                ;
; Ignore GLOBAL Buffers                                            ; Off                ; Off                ;
; Ignore ROW GLOBAL Buffers                                        ; Off                ; Off                ;
; Ignore LCELL Buffers                                             ; Off                ; Off                ;
; Ignore SOFT Buffers                                              ; On                 ; On                 ;
; Limit AHDL Integers to 32 Bits                                   ; Off                ; Off                ;
; Optimization Technique                                           ; Balanced           ; Balanced           ;
; Carry Chain Length                                               ; 70                 ; 70                 ;
; Auto Carry Chains                                                ; On                 ; On                 ;
; Auto Open-Drain Pins                                             ; On                 ; On                 ;
; Perform WYSIWYG Primitive Resynthesis                            ; Off                ; Off                ;
; Auto ROM Replacement                                             ; On                 ; On                 ;
; Auto RAM Replacement                                             ; On                 ; On                 ;
; Auto DSP Block Replacement                                       ; On                 ; On                 ;
; Auto Shift Register Replacement                                  ; Auto               ; Auto               ;
; Allow Shift Register Merging across Hierarchies                  ; Auto               ; Auto               ;
; Auto Clock Enable Replacement                                    ; On                 ; On                 ;
; Strict RAM Replacement                                           ; Off                ; Off                ;
; Allow Synchronous Control Signals                                ; On                 ; On                 ;
; Force Use of Synchronous Clear Signals                           ; Off                ; Off                ;
; Auto RAM Block Balancing                                         ; On                 ; On                 ;
; Auto RAM to Logic Cell Conversion                                ; Off                ; Off                ;
; Auto Resource Sharing                                            ; Off                ; Off                ;
; Allow Any RAM Size For Recognition                               ; Off                ; Off                ;
; Allow Any ROM Size For Recognition                               ; Off                ; Off                ;
; Allow Any Shift Register Size For Recognition                    ; Off                ; Off                ;
; Use LogicLock Constraints during Resource Balancing              ; On                 ; On                 ;
; Ignore translate_off and synthesis_off directives                ; Off                ; Off                ;
; Timing-Driven Synthesis                                          ; On                 ; On                 ;
; Report Parameter Settings                                        ; On                 ; On                 ;
; Report Source Assignments                                        ; On                 ; On                 ;
; Report Connectivity Checks                                       ; On                 ; On                 ;
; Ignore Maximum Fan-Out Assignments                               ; Off                ; Off                ;
; Synchronization Register Chain Length                            ; 2                  ; 2                  ;
; Power Optimization During Synthesis                              ; Normal compilation ; Normal compilation ;
; HDL message level                                                ; Level2             ; Level2             ;
; Suppress Register Optimization Related Messages                  ; Off                ; Off                ;
; Number of Removed Registers Reported in Synthesis Report         ; 5000               ; 5000               ;
; Number of Swept Nodes Reported in Synthesis Report               ; 5000               ; 5000               ;
; Number of Inverted Registers Reported in Synthesis Report        ; 100                ; 100                ;
; Clock MUX Protection                                             ; On                 ; On                 ;
; Auto Gated Clock Conversion                                      ; Off                ; Off                ;
; Block Design Naming                                              ; Auto               ; Auto               ;
; SDC constraint protection                                        ; Off                ; Off                ;
; Synthesis Effort                                                 ; Auto               ; Auto               ;
; Shift Register Replacement - Allow Asynchronous Clear Signal     ; On                 ; On                 ;
; Pre-Mapping Resynthesis Optimization                             ; Off                ; Off                ;
; Analysis & Synthesis Message Level                               ; Medium             ; Medium             ;
; Disable Register Merging Across Hierarchies                      ; Auto               ; Auto               ;
; Resource Aware Inference For Block RAM                           ; On                 ; On                 ;
+------------------------------------------------------------------+--------------------+--------------------+


+------------------------------------------+
; Parallel Compilation                     ;
+----------------------------+-------------+
; Processors                 ; Number      ;
+----------------------------+-------------+
; Number detected on machine ; 16          ;
; Maximum allowed            ; 8           ;
;                            ;             ;
; Average used               ; 1.00        ;
; Maximum used               ; 8           ;
;                            ;             ;
; Usage by Processor         ; % Time Used ;
;     Processor 1            ; 100.0%      ;
;     Processors 2-8         ;   0.0%      ;
+----------------------------+-------------+


+---------------------------------------------------------------------------------------------------------------------------------------------------------------------------------+
; Analysis & Synthesis Source Files Read                                                                                                                                          ;
+----------------------------------+-----------------+------------------------------+-----------------------------------------------------------------------------------+---------+
; File Name with User-Entered Path ; Used in Netlist ; File Type                    ; File Name with Absolute Path                                                      ; Library ;
+----------------------------------+-----------------+------------------------------+-----------------------------------------------------------------------------------+---------+
; Lab2.vhd                         ; yes             ; User VHDL File               ; C:/Users/Tom/Desktop/ENSC350/Lab2/Lab2.vhd                                        ;         ;
; new_balance.vhd                  ; yes             ; User VHDL File               ; C:/Users/Tom/Desktop/ENSC350/Lab2/new_balance.vhd                                 ;         ;
; digit7seg.vhd                    ; yes             ; User VHDL File               ; C:/Users/Tom/Desktop/ENSC350/Lab2/digit7seg.vhd                                   ;         ;
; win.vhd                          ; yes             ; User VHDL File               ; C:/Users/Tom/Desktop/ENSC350/Lab2/win.vhd                                         ;         ;
; spinwheel.vhd                    ; yes             ; User VHDL File               ; C:/Users/Tom/Desktop/ENSC350/Lab2/spinwheel.vhd                                   ;         ;
; roulette.vhd                     ; yes             ; User VHDL File               ; C:/Users/Tom/Desktop/ENSC350/Lab2/roulette.vhd                                    ;         ;
; lpm_add_sub.tdf                  ; yes             ; Megafunction                 ; c:/intelfpga_lite/23.1std/quartus/libraries/megafunctions/lpm_add_sub.tdf         ;         ;
; addcore.inc                      ; yes             ; Megafunction                 ; c:/intelfpga_lite/23.1std/quartus/libraries/megafunctions/addcore.inc             ;         ;
; look_add.inc                     ; yes             ; Megafunction                 ; c:/intelfpga_lite/23.1std/quartus/libraries/megafunctions/look_add.inc            ;         ;
; bypassff.inc                     ; yes             ; Megafunction                 ; c:/intelfpga_lite/23.1std/quartus/libraries/megafunctions/bypassff.inc            ;         ;
; altshift.inc                     ; yes             ; Megafunction                 ; c:/intelfpga_lite/23.1std/quartus/libraries/megafunctions/altshift.inc            ;         ;
; alt_stratix_add_sub.inc          ; yes             ; Megafunction                 ; c:/intelfpga_lite/23.1std/quartus/libraries/megafunctions/alt_stratix_add_sub.inc ;         ;
; aglobal231.inc                   ; yes             ; Megafunction                 ; c:/intelfpga_lite/23.1std/quartus/libraries/megafunctions/aglobal231.inc          ;         ;
; db/add_sub_nvi.tdf               ; yes             ; Auto-Generated Megafunction  ; C:/Users/Tom/Desktop/ENSC350/Lab2/db/add_sub_nvi.tdf                              ;         ;
; lpm_mult.tdf                     ; yes             ; Megafunction                 ; c:/intelfpga_lite/23.1std/quartus/libraries/megafunctions/lpm_mult.tdf            ;         ;
; lpm_add_sub.inc                  ; yes             ; Megafunction                 ; c:/intelfpga_lite/23.1std/quartus/libraries/megafunctions/lpm_add_sub.inc         ;         ;
; multcore.inc                     ; yes             ; Megafunction                 ; c:/intelfpga_lite/23.1std/quartus/libraries/megafunctions/multcore.inc            ;         ;
; multcore.tdf                     ; yes             ; Megafunction                 ; c:/intelfpga_lite/23.1std/quartus/libraries/megafunctions/multcore.tdf            ;         ;
; csa_add.inc                      ; yes             ; Megafunction                 ; c:/intelfpga_lite/23.1std/quartus/libraries/megafunctions/csa_add.inc             ;         ;
; mpar_add.inc                     ; yes             ; Megafunction                 ; c:/intelfpga_lite/23.1std/quartus/libraries/megafunctions/mpar_add.inc            ;         ;
; muleabz.inc                      ; yes             ; Megafunction                 ; c:/intelfpga_lite/23.1std/quartus/libraries/megafunctions/muleabz.inc             ;         ;
; mul_lfrg.inc                     ; yes             ; Megafunction                 ; c:/intelfpga_lite/23.1std/quartus/libraries/megafunctions/mul_lfrg.inc            ;         ;
; mul_boothc.inc                   ; yes             ; Megafunction                 ; c:/intelfpga_lite/23.1std/quartus/libraries/megafunctions/mul_boothc.inc          ;         ;
; alt_ded_mult.inc                 ; yes             ; Megafunction                 ; c:/intelfpga_lite/23.1std/quartus/libraries/megafunctions/alt_ded_mult.inc        ;         ;
; alt_ded_mult_y.inc               ; yes             ; Megafunction                 ; c:/intelfpga_lite/23.1std/quartus/libraries/megafunctions/alt_ded_mult_y.inc      ;         ;
; dffpipe.inc                      ; yes             ; Megafunction                 ; c:/intelfpga_lite/23.1std/quartus/libraries/megafunctions/dffpipe.inc             ;         ;
; mpar_add.tdf                     ; yes             ; Megafunction                 ; c:/intelfpga_lite/23.1std/quartus/libraries/megafunctions/mpar_add.tdf            ;         ;
; altshift.tdf                     ; yes             ; Megafunction                 ; c:/intelfpga_lite/23.1std/quartus/libraries/megafunctions/altshift.tdf            ;         ;
+----------------------------------+-----------------+------------------------------+-----------------------------------------------------------------------------------+---------+


+------------------------------------------------------------+
; Analysis & Synthesis Resource Usage Summary                ;
+---------------------------------------------+--------------+
; Resource                                    ; Usage        ;
+---------------------------------------------+--------------+
; Estimated Total logic elements              ; 249          ;
;                                             ;              ;
; Total combinational functions               ; 225          ;
; Logic element usage by number of LUT inputs ;              ;
;     -- 4 input functions                    ; 70           ;
;     -- 3 input functions                    ; 59           ;
;     -- <=2 input functions                  ; 96           ;
;                                             ;              ;
; Logic elements by mode                      ;              ;
;     -- normal mode                          ; 121          ;
;     -- arithmetic mode                      ; 104          ;
;                                             ;              ;
; Total registers                             ; 88           ;
;     -- Dedicated logic registers            ; 88           ;
;     -- I/O registers                        ; 0            ;
;                                             ;              ;
; I/O pins                                    ; 66           ;
;                                             ;              ;
; Embedded Multiplier 9-bit elements          ; 0            ;
;                                             ;              ;
; Maximum fan-out node                        ; KEY[1]~input ;
; Maximum fan-out                             ; 68           ;
; Total fan-out                               ; 1026         ;
; Average fan-out                             ; 2.31         ;
+---------------------------------------------+--------------+


+--------------------------------------------------------------------------------------------------------------------------------------------------------------------------------------------------------------------------------------------------------------------------+
; Analysis & Synthesis Resource Utilization by Entity                                                                                                                                                                                                                      ;
+---------------------------------------+---------------------+---------------------------+-------------+--------------+---------+-----------+------+--------------+--------------------------------------------------------------------------+-------------+--------------+
; Compilation Hierarchy Node            ; Combinational ALUTs ; Dedicated Logic Registers ; Memory Bits ; DSP Elements ; DSP 9x9 ; DSP 18x18 ; Pins ; Virtual Pins ; Full Hierarchy Name                                                      ; Entity Name ; Library Name ;
+---------------------------------------+---------------------+---------------------------+-------------+--------------+---------+-----------+------+--------------+--------------------------------------------------------------------------+-------------+--------------+
; |roulette                             ; 225 (29)            ; 88 (56)                   ; 0           ; 0            ; 0       ; 0         ; 66   ; 0            ; |roulette                                                                ; roulette    ; work         ;
;    |digit7seg:digit_display0|         ; 7 (7)               ; 0 (0)                     ; 0           ; 0            ; 0       ; 0         ; 0    ; 0            ; |roulette|digit7seg:digit_display0                                       ; digit7seg   ; work         ;
;    |digit7seg:digit_display1|         ; 7 (7)               ; 0 (0)                     ; 0           ; 0            ; 0       ; 0         ; 0    ; 0            ; |roulette|digit7seg:digit_display1                                       ; digit7seg   ; work         ;
;    |digit7seg:digit_display2|         ; 7 (7)               ; 0 (0)                     ; 0           ; 0            ; 0       ; 0         ; 0    ; 0            ; |roulette|digit7seg:digit_display2                                       ; digit7seg   ; work         ;
;    |digit7seg:digit_display6|         ; 7 (7)               ; 0 (0)                     ; 0           ; 0            ; 0       ; 0         ; 0    ; 0            ; |roulette|digit7seg:digit_display6                                       ; digit7seg   ; work         ;
;    |digit7seg:digit_display7|         ; 2 (2)               ; 0 (0)                     ; 0           ; 0            ; 0       ; 0         ; 0    ; 0            ; |roulette|digit7seg:digit_display7                                       ; digit7seg   ; work         ;
;    |new_balance:nb_map|               ; 101 (71)            ; 0 (0)                     ; 0           ; 0            ; 0       ; 0         ; 0    ; 0            ; |roulette|new_balance:nb_map                                             ; new_balance ; work         ;
;       |lpm_add_sub:Add2|              ; 26 (0)              ; 0 (0)                     ; 0           ; 0            ; 0       ; 0         ; 0    ; 0            ; |roulette|new_balance:nb_map|lpm_add_sub:Add2                            ; lpm_add_sub ; work         ;
;          |add_sub_nvi:auto_generated| ; 26 (26)             ; 0 (0)                     ; 0           ; 0            ; 0       ; 0         ; 0    ; 0            ; |roulette|new_balance:nb_map|lpm_add_sub:Add2|add_sub_nvi:auto_generated ; add_sub_nvi ; work         ;
;       |lpm_mult:Mult0|                ; 4 (0)               ; 0 (0)                     ; 0           ; 0            ; 0       ; 0         ; 0    ; 0            ; |roulette|new_balance:nb_map|lpm_mult:Mult0                              ; lpm_mult    ; work         ;
;          |multcore:mult_core|         ; 4 (4)               ; 0 (0)                     ; 0           ; 0            ; 0       ; 0         ; 0    ; 0            ; |roulette|new_balance:nb_map|lpm_mult:Mult0|multcore:mult_core           ; multcore    ; work         ;
;    |spinwheel:spin_wheel_map|         ; 46 (46)             ; 32 (32)                   ; 0           ; 0            ; 0       ; 0         ; 0    ; 0            ; |roulette|spinwheel:spin_wheel_map                                       ; spinwheel   ; work         ;
;    |win:win_map|                      ; 19 (19)             ; 0 (0)                     ; 0           ; 0            ; 0       ; 0         ; 0    ; 0            ; |roulette|win:win_map                                                    ; win         ; work         ;
+---------------------------------------+---------------------+---------------------------+-------------+--------------+---------+-----------+------+--------------+--------------------------------------------------------------------------+-------------+--------------+
Note: For table entries with two numbers listed, the numbers in parentheses indicate the number of resources of the given type used by the specific entity alone. The numbers listed outside of parentheses indicate the total resources of the given type used by the specific entity and all of its sub-entities in the hierarchy.


+------------------------------------------------------+
; General Register Statistics                          ;
+----------------------------------------------+-------+
; Statistic                                    ; Value ;
+----------------------------------------------+-------+
; Total registers                              ; 88    ;
; Number of registers using Synchronous Clear  ; 0     ;
; Number of registers using Synchronous Load   ; 19    ;
; Number of registers using Asynchronous Clear ; 68    ;
; Number of registers using Asynchronous Load  ; 0     ;
; Number of registers using Clock Enable       ; 0     ;
; Number of registers using Preset             ; 0     ;
+----------------------------------------------+-------+


+--------------------------------------------------+
; Inverted Register Statistics                     ;
+----------------------------------------+---------+
; Inverted Register                      ; Fan out ;
+----------------------------------------+---------+
; money[5]                               ; 2       ;
; Total number of inverted registers = 1 ;         ;
+----------------------------------------+---------+


+------------------------------------------------------------------------------------------------------------------------------------------+
; Multiplexer Restructuring Statistics (Restructuring Performed)                                                                           ;
+--------------------+-----------+---------------+----------------------+------------------------+------------+----------------------------+
; Multiplexer Inputs ; Bus Width ; Baseline Area ; Area if Restructured ; Saving if Restructured ; Registered ; Example Multiplexer Output ;
+--------------------+-----------+---------------+----------------------+------------------------+------------+----------------------------+
; 3:1                ; 19 bits   ; 38 LEs        ; 19 LEs               ; 19 LEs                 ; Yes        ; |roulette|wait_count[5]    ;
+--------------------+-----------+---------------+----------------------+------------------------+------------+----------------------------+


+--------------------------------------------------------------------------------------+
; Parameter Settings for Inferred Entity Instance: new_balance:nb_map|lpm_add_sub:Add2 ;
+------------------------+--------------+----------------------------------------------+
; Parameter Name         ; Value        ; Type                                         ;
+------------------------+--------------+----------------------------------------------+
; LPM_WIDTH              ; 12           ; Untyped                                      ;
; LPM_REPRESENTATION     ; UNSIGNED     ; Untyped                                      ;
; LPM_DIRECTION          ; DEFAULT      ; Untyped                                      ;
; ONE_INPUT_IS_CONSTANT  ; NO           ; Untyped                                      ;
; LPM_PIPELINE           ; 0            ; Untyped                                      ;
; MAXIMIZE_SPEED         ; 5            ; Untyped                                      ;
; REGISTERED_AT_END      ; 0            ; Untyped                                      ;
; OPTIMIZE_FOR_SPEED     ; 5            ; Untyped                                      ;
; USE_CS_BUFFERS         ; 1            ; Untyped                                      ;
; CARRY_CHAIN            ; MANUAL       ; Untyped                                      ;
; CARRY_CHAIN_LENGTH     ; 48           ; CARRY_CHAIN_LENGTH                           ;
; DEVICE_FAMILY          ; Cyclone IV E ; Untyped                                      ;
; USE_WYS                ; OFF          ; Untyped                                      ;
; STYLE                  ; FAST         ; Untyped                                      ;
; CBXI_PARAMETER         ; add_sub_nvi  ; Untyped                                      ;
; AUTO_CARRY_CHAINS      ; ON           ; AUTO_CARRY                                   ;
; IGNORE_CARRY_BUFFERS   ; OFF          ; IGNORE_CARRY                                 ;
; AUTO_CASCADE_CHAINS    ; ON           ; AUTO_CASCADE                                 ;
; IGNORE_CASCADE_BUFFERS ; OFF          ; IGNORE_CASCADE                               ;
+------------------------+--------------+----------------------------------------------+
Note: In order to hide this table in the UI and the text report file, please set the "Show Parameter Settings in Synthesis Report" option in "Analysis and Synthesis Settings -> More Settings" to "Off".


+-------------------------------------------------------------------------------------+
; Parameter Settings for Inferred Entity Instance: new_balance:nb_map|lpm_mult:Mult0  ;
+------------------------------------------------+--------------+---------------------+
; Parameter Name                                 ; Value        ; Type                ;
+------------------------------------------------+--------------+---------------------+
; AUTO_CARRY_CHAINS                              ; ON           ; AUTO_CARRY          ;
; IGNORE_CARRY_BUFFERS                           ; OFF          ; IGNORE_CARRY        ;
; AUTO_CASCADE_CHAINS                            ; ON           ; AUTO_CASCADE        ;
; IGNORE_CASCADE_BUFFERS                         ; OFF          ; IGNORE_CASCADE      ;
; LPM_WIDTHA                                     ; 6            ; Untyped             ;
; LPM_WIDTHB                                     ; 3            ; Untyped             ;
; LPM_WIDTHP                                     ; 9            ; Untyped             ;
; LPM_WIDTHR                                     ; 9            ; Untyped             ;
; LPM_WIDTHS                                     ; 1            ; Untyped             ;
; LPM_REPRESENTATION                             ; UNSIGNED     ; Untyped             ;
; LPM_PIPELINE                                   ; 0            ; Untyped             ;
; LATENCY                                        ; 0            ; Untyped             ;
; INPUT_A_IS_CONSTANT                            ; YES          ; Untyped             ;
; INPUT_B_IS_CONSTANT                            ; NO           ; Untyped             ;
; USE_EAB                                        ; OFF          ; Untyped             ;
; MAXIMIZE_SPEED                                 ; 5            ; Untyped             ;
; DEVICE_FAMILY                                  ; Cyclone IV E ; Untyped             ;
; CARRY_CHAIN                                    ; MANUAL       ; Untyped             ;
; APEX20K_TECHNOLOGY_MAPPER                      ; LUT          ; TECH_MAPPER_APEX20K ;
; DEDICATED_MULTIPLIER_CIRCUITRY                 ; AUTO         ; Untyped             ;
; DEDICATED_MULTIPLIER_MIN_INPUT_WIDTH_FOR_AUTO  ; 0            ; Untyped             ;
; DEDICATED_MULTIPLIER_MIN_OUTPUT_WIDTH_FOR_AUTO ; 0            ; Untyped             ;
; CBXI_PARAMETER                                 ; NOTHING      ; Untyped             ;
; INPUT_A_FIXED_VALUE                            ; Bx           ; Untyped             ;
; INPUT_B_FIXED_VALUE                            ; Bx           ; Untyped             ;
; USE_AHDL_IMPLEMENTATION                        ; OFF          ; Untyped             ;
+------------------------------------------------+--------------+---------------------+
Note: In order to hide this table in the UI and the text report file, please set the "Show Parameter Settings in Synthesis Report" option in "Analysis and Synthesis Settings -> More Settings" to "Off".


+---------------------------------------------------------------------------+
; lpm_mult Parameter Settings by Entity Instance                            ;
+---------------------------------------+-----------------------------------+
; Name                                  ; Value                             ;
+---------------------------------------+-----------------------------------+
; Number of entity instances            ; 1                                 ;
; Entity Instance                       ; new_balance:nb_map|lpm_mult:Mult0 ;
;     -- LPM_WIDTHA                     ; 6                                 ;
;     -- LPM_WIDTHB                     ; 3                                 ;
;     -- LPM_WIDTHP                     ; 9                                 ;
;     -- LPM_REPRESENTATION             ; UNSIGNED                          ;
;     -- INPUT_A_IS_CONSTANT            ; YES                               ;
;     -- INPUT_B_IS_CONSTANT            ; NO                                ;
;     -- USE_EAB                        ; OFF                               ;
;     -- DEDICATED_MULTIPLIER_CIRCUITRY ; AUTO                              ;
;     -- INPUT_A_FIXED_VALUE            ; Bx                                ;
;     -- INPUT_B_FIXED_VALUE            ; Bx                                ;
+---------------------------------------+-----------------------------------+


+------------------------------------------------------+
; Port Connectivity Checks: "digit7seg:digit_display7" ;
+-------------+-------+----------+---------------------+
; Port        ; Type  ; Severity ; Details             ;
+-------------+-------+----------+---------------------+
; digit[3..2] ; Input ; Info     ; Stuck at GND        ;
+-------------+-------+----------+---------------------+


+-----------------------------------------------------+
; Post-Synthesis Netlist Statistics for Top Partition ;
+-----------------------+-----------------------------+
; Type                  ; Count                       ;
+-----------------------+-----------------------------+
; boundary_port         ; 66                          ;
; cycloneiii_ff         ; 88                          ;
;     CLR               ; 68                          ;
;     SLD               ; 19                          ;
;     plain             ; 1                           ;
; cycloneiii_lcell_comb ; 232                         ;
;     arith             ; 104                         ;
;         2 data inputs ; 76                          ;
;         3 data inputs ; 28                          ;
;     normal            ; 128                         ;
;         0 data inputs ; 1                           ;
;         1 data inputs ; 13                          ;
;         2 data inputs ; 13                          ;
;         3 data inputs ; 31                          ;
;         4 data inputs ; 70                          ;
;                       ;                             ;
; Max LUT depth         ; 12.10                       ;
; Average LUT depth     ; 6.63                        ;
+-----------------------+-----------------------------+


+-------------------------------+
; Elapsed Time Per Partition    ;
+----------------+--------------+
; Partition Name ; Elapsed Time ;
+----------------+--------------+
; Top            ; 00:00:00     ;
+----------------+--------------+


+-------------------------------+
; Analysis & Synthesis Messages ;
+-------------------------------+
Info: *******************************************************************
Info: Running Quartus Prime Analysis & Synthesis
    Info: Version 23.1std.0 Build 991 11/28/2023 SC Lite Edition
    Info: Processing started: Thu Feb 15 16:36:10 2024
Info: Command: quartus_map --read_settings_files=on --write_settings_files=off Lab2 -c Lab2
Warning (18236): Number of processors has not been specified which may cause overloading on shared machines.  Set the global assignment NUM_PARALLEL_PROCESSORS in your QSF to an appropriate value for best performance.
Info (20030): Parallel compilation is enabled and will use 8 of the 8 processors detected
Info (12021): Found 2 design units, including 1 entities, in source file lab2.vhd
    Info (12022): Found design unit 1: Lab2-behavioural File: C:/Users/Tom/Desktop/ENSC350/Lab2/Lab2.vhd Line: 20
    Info (12023): Found entity 1: Lab2 File: C:/Users/Tom/Desktop/ENSC350/Lab2/Lab2.vhd Line: 5
Info (12021): Found 2 design units, including 1 entities, in source file new_balance.vhd
    Info (12022): Found design unit 1: new_balance-behavioural File: C:/Users/Tom/Desktop/ENSC350/Lab2/new_balance.vhd Line: 30
    Info (12023): Found entity 1: new_balance File: C:/Users/Tom/Desktop/ENSC350/Lab2/new_balance.vhd Line: 17
Info (12021): Found 2 design units, including 1 entities, in source file digit7seg.vhd
    Info (12022): Found design unit 1: digit7seg-behavioral File: C:/Users/Tom/Desktop/ENSC350/Lab2/digit7seg.vhd Line: 12
    Info (12023): Found entity 1: digit7seg File: C:/Users/Tom/Desktop/ENSC350/Lab2/digit7seg.vhd Line: 5
Info (12021): Found 2 design units, including 1 entities, in source file win.vhd
    Info (12022): Found design unit 1: win-behavioural File: C:/Users/Tom/Desktop/ENSC350/Lab2/win.vhd Line: 17
    Info (12023): Found entity 1: win File: C:/Users/Tom/Desktop/ENSC350/Lab2/win.vhd Line: 5
Info (12021): Found 2 design units, including 1 entities, in source file spinwheel.vhd
    Info (12022): Found design unit 1: spinwheel-behavioral File: C:/Users/Tom/Desktop/ENSC350/Lab2/spinwheel.vhd Line: 37
    Info (12023): Found entity 1: spinwheel File: C:/Users/Tom/Desktop/ENSC350/Lab2/spinwheel.vhd Line: 30
Info (12021): Found 2 design units, including 1 entities, in source file roulette.vhd
    Info (12022): Found design unit 1: roulette-behavioural File: C:/Users/Tom/Desktop/ENSC350/Lab2/roulette.vhd Line: 20
    Info (12023): Found entity 1: roulette File: C:/Users/Tom/Desktop/ENSC350/Lab2/roulette.vhd Line: 5
Info (12127): Elaborating entity "roulette" for the top level hierarchy
Info (12128): Elaborating entity "win" for hierarchy "win:win_map" File: C:/Users/Tom/Desktop/ENSC350/Lab2/roulette.vhd Line: 88
Info (12128): Elaborating entity "new_balance" for hierarchy "new_balance:nb_map" File: C:/Users/Tom/Desktop/ENSC350/Lab2/roulette.vhd Line: 98
Info (12128): Elaborating entity "spinwheel" for hierarchy "spinwheel:spin_wheel_map" File: C:/Users/Tom/Desktop/ENSC350/Lab2/roulette.vhd Line: 109
Info (12128): Elaborating entity "digit7seg" for hierarchy "digit7seg:digit_display6" File: C:/Users/Tom/Desktop/ENSC350/Lab2/roulette.vhd Line: 115
Info (278001): Inferred 2 megafunctions from design logic
    Info (278002): Inferred adder/subtractor megafunction ("lpm_add_sub") from the following logic: "new_balance:nb_map|Add2" File: C:/Users/Tom/Desktop/ENSC350/Lab2/new_balance.vhd Line: 52
    Info (278003): Inferred multiplier megafunction ("lpm_mult") from the following logic: "new_balance:nb_map|Mult0" File: C:/Users/Tom/Desktop/ENSC350/Lab2/new_balance.vhd Line: 44
Info (12130): Elaborated megafunction instantiation "new_balance:nb_map|lpm_add_sub:Add2" File: C:/Users/Tom/Desktop/ENSC350/Lab2/new_balance.vhd Line: 52
Info (12133): Instantiated megafunction "new_balance:nb_map|lpm_add_sub:Add2" with the following parameter: File: C:/Users/Tom/Desktop/ENSC350/Lab2/new_balance.vhd Line: 52
    Info (12134): Parameter "LPM_WIDTH" = "12"
    Info (12134): Parameter "LPM_DIRECTION" = "DEFAULT"
    Info (12134): Parameter "LPM_REPRESENTATION" = "UNSIGNED"
    Info (12134): Parameter "ONE_INPUT_IS_CONSTANT" = "NO"
Info (12021): Found 1 design units, including 1 entities, in source file db/add_sub_nvi.tdf
    Info (12023): Found entity 1: add_sub_nvi File: C:/Users/Tom/Desktop/ENSC350/Lab2/db/add_sub_nvi.tdf Line: 23
Info (12130): Elaborated megafunction instantiation "new_balance:nb_map|lpm_mult:Mult0" File: C:/Users/Tom/Desktop/ENSC350/Lab2/new_balance.vhd Line: 44
Info (12133): Instantiated megafunction "new_balance:nb_map|lpm_mult:Mult0" with the following parameter: File: C:/Users/Tom/Desktop/ENSC350/Lab2/new_balance.vhd Line: 44
    Info (12134): Parameter "LPM_WIDTHA" = "6"
    Info (12134): Parameter "LPM_WIDTHB" = "3"
    Info (12134): Parameter "LPM_WIDTHP" = "9"
    Info (12134): Parameter "LPM_WIDTHR" = "9"
    Info (12134): Parameter "LPM_WIDTHS" = "1"
    Info (12134): Parameter "LPM_REPRESENTATION" = "UNSIGNED"
    Info (12134): Parameter "INPUT_A_IS_CONSTANT" = "YES"
    Info (12134): Parameter "INPUT_B_IS_CONSTANT" = "NO"
    Info (12134): Parameter "MAXIMIZE_SPEED" = "5"
Info (12131): Elaborated megafunction instantiation "new_balance:nb_map|lpm_mult:Mult0|multcore:mult_core", which is child of megafunction instantiation "new_balance:nb_map|lpm_mult:Mult0" File: c:/intelfpga_lite/23.1std/quartus/libraries/megafunctions/lpm_mult.tdf Line: 309
Info (12131): Elaborated megafunction instantiation "new_balance:nb_map|lpm_mult:Mult0|multcore:mult_core|mpar_add:padder", which is child of megafunction instantiation "new_balance:nb_map|lpm_mult:Mult0" File: c:/intelfpga_lite/23.1std/quartus/libraries/megafunctions/multcore.tdf Line: 229
Info (12131): Elaborated megafunction instantiation "new_balance:nb_map|lpm_mult:Mult0|altshift:external_latency_ffs", which is child of megafunction instantiation "new_balance:nb_map|lpm_mult:Mult0" File: c:/intelfpga_lite/23.1std/quartus/libraries/megafunctions/lpm_mult.tdf Line: 352
Info (13000): Registers with preset signals will power-up high File: C:/Users/Tom/Desktop/ENSC350/Lab2/roulette.vhd Line: 150
Info (13003): DEV_CLRn pin will set, and not reset, register with preset signal due to NOT Gate Push-Back
Warning (13024): Output pins are stuck at VCC or GND
    Warning (13410): Pin "LEDG[3]" is stuck at GND File: C:/Users/Tom/Desktop/ENSC350/Lab2/roulette.vhd Line: 11
    Warning (13410): Pin "LEDG[4]" is stuck at GND File: C:/Users/Tom/Desktop/ENSC350/Lab2/roulette.vhd Line: 11
    Warning (13410): Pin "LEDG[5]" is stuck at GND File: C:/Users/Tom/Desktop/ENSC350/Lab2/roulette.vhd Line: 11
    Warning (13410): Pin "LEDG[6]" is stuck at GND File: C:/Users/Tom/Desktop/ENSC350/Lab2/roulette.vhd Line: 11
    Warning (13410): Pin "LEDG[7]" is stuck at GND File: C:/Users/Tom/Desktop/ENSC350/Lab2/roulette.vhd Line: 11
    Warning (13410): Pin "HEX7[1]" is stuck at GND File: C:/Users/Tom/Desktop/ENSC350/Lab2/roulette.vhd Line: 16
Info (286030): Timing-Driven Synthesis is running
Critical Warning (18061): Ignored Power-Up Level option on the following registers
    Critical Warning (18010): Register spinwheel:spin_wheel_map|wheel_internal[0] will power up to Low File: C:/Users/Tom/Desktop/ENSC350/Lab2/spinwheel.vhd Line: 51
    Critical Warning (18010): Register spinwheel:spin_wheel_map|wheel_internal[31] will power up to Low File: C:/Users/Tom/Desktop/ENSC350/Lab2/spinwheel.vhd Line: 51
Info (16010): Generating hard_block partition "hard_block:auto_generated_inst"
    Info (16011): Adding 0 node(s), including 0 DDIO, 0 PLL, 0 transceiver and 0 LCELL
Warning (21074): Design contains 2 input pin(s) that do not drive logic
    Warning (15610): No output dependent on input pin "KEY[2]" File: C:/Users/Tom/Desktop/ENSC350/Lab2/roulette.vhd Line: 9
    Warning (15610): No output dependent on input pin "KEY[3]" File: C:/Users/Tom/Desktop/ENSC350/Lab2/roulette.vhd Line: 9
Info (21057): Implemented 327 device resources after synthesis - the final resource count might be different
    Info (21058): Implemented 23 input pins
    Info (21059): Implemented 43 output pins
    Info (21061): Implemented 261 logic cells
Info: Quartus Prime Analysis & Synthesis was successful. 0 errors, 14 warnings
    Info: Peak virtual memory: 4854 megabytes
    Info: Processing ended: Thu Feb 15 16:36:18 2024
    Info: Elapsed time: 00:00:08
    Info: Total CPU time (on all processors): 00:00:07


